<?xml version="1.0" encoding="UTF-8"?>
<!-- Generated by org.testng.reporters.JUnitReportReporter -->
<testsuite hostname="DESKTOP-V9CC1OR" failures="0" tests="1" name="com.demo.one" time="0.007" errors="0" timestamp="2024-05-08T12:47:29 IST" skipped="0">
  <testcase classname="com.demo.one" name="first" time="0.007"/>
  <system-out/>
</testsuite> <!-- com.demo.one -->
