<?xml version="1.0" encoding="UTF-8"?>
<!-- Generated by org.testng.reporters.JUnitReportReporter -->
<testsuite hostname="DESKTOP-V9CC1OR" failures="0" tests="1" name="com.demo.TestHelloWorld" time="0.003" errors="0" timestamp="2024-05-08T12:53:38 IST" skipped="0">
  <testcase classname="com.demo.TestHelloWorld" name="testHelloWorld" time="0.003"/>
  <system-out/>
</testsuite> <!-- com.demo.TestHelloWorld -->
